0 info it worked if it ends with ok
1 verbose cli [ '/Users/Barath/.nvm/versions/node/v6.9.5/bin/node',
1 verbose cli   '/Users/Barath/.nvm/versions/node/v6.9.5/bin/npm',
1 verbose cli   'run',
1 verbose cli   'build' ]
2 info using npm@3.10.10
3 info using node@v6.9.5
4 verbose run-script [ 'prebuild', 'build', 'postbuild' ]
5 info lifecycle @bitgo/statics@2.2.0~prebuild: @bitgo/statics@2.2.0
6 silly lifecycle @bitgo/statics@2.2.0~prebuild: no script for prebuild, continuing
7 info lifecycle @bitgo/statics@2.2.0~build: @bitgo/statics@2.2.0
8 verbose lifecycle @bitgo/statics@2.2.0~build: unsafe-perm in lifecycle true
9 verbose lifecycle @bitgo/statics@2.2.0~build: PATH: /Users/Barath/.nvm/versions/node/v6.9.5/lib/node_modules/npm/bin/node-gyp-bin:/Users/Barath/bitgo/statics/node_modules/.bin:/Users/Barath/.cargo/bin:/Users/Barath/Library/Python/2.7/bin:/Users/Barath/.nvm/versions/node/v6.9.5/bin:/Users/Barath/bin:/usr/local/bin:/bin:/usr/sbin:/sbin:/usr/bin:/Users/Barath/bitgo/arcanist/bin
10 verbose lifecycle @bitgo/statics@2.2.0~build: CWD: /Users/Barath/bitgo/statics
11 silly lifecycle @bitgo/statics@2.2.0~build: Args: [ '-c', 'tsc' ]
12 info lifecycle @bitgo/statics@2.2.0~build: Failed to exec build script
13 verbose stack Error: @bitgo/statics@2.2.0 build: `tsc`
13 verbose stack spawn ENOENT
13 verbose stack     at ChildProcess.<anonymous> (/Users/Barath/.nvm/versions/node/v6.9.5/lib/node_modules/npm/lib/utils/spawn.js:33:16)
13 verbose stack     at emitTwo (events.js:106:13)
13 verbose stack     at ChildProcess.emit (events.js:191:7)
13 verbose stack     at maybeClose (internal/child_process.js:877:16)
13 verbose stack     at Process.ChildProcess._handle.onexit (internal/child_process.js:226:5)
14 verbose pkgid @bitgo/statics@2.2.0
15 verbose cwd /Users/Barath/bitgo/statics
16 error Darwin 17.7.0
17 error argv "/Users/Barath/.nvm/versions/node/v6.9.5/bin/node" "/Users/Barath/.nvm/versions/node/v6.9.5/bin/npm" "run" "build"
18 error node v6.9.5
19 error npm  v3.10.10
20 error file sh
21 error code ELIFECYCLE
22 error errno ENOENT
23 error syscall spawn
24 error @bitgo/statics@2.2.0 build: `tsc`
24 error spawn ENOENT
25 error Failed at the @bitgo/statics@2.2.0 build script 'tsc'.
25 error Make sure you have the latest version of node.js and npm installed.
25 error If you do, this is most likely a problem with the @bitgo/statics package,
25 error not with npm itself.
25 error Tell the author that this fails on your system:
25 error     tsc
25 error You can get information on how to open an issue for this project with:
25 error     npm bugs @bitgo/statics
25 error Or if that isn't available, you can get their info via:
25 error     npm owner ls @bitgo/statics
25 error There is likely additional logging output above.
26 verbose exit [ 1, true ]
